2022-03-12 10:11:12 INFO  AbstractLangProcessor: - Start parsing files...
2022-03-12 10:11:19 INFO  AbstractLangProcessor: - Resolve types and bindings of variables, methods and expressions.... D:\java_project\项目\jdonframework
2022-03-12 10:11:19 INFO  AbstractLangProcessor: - Heap Information: init = 266338304(260096K) used = 92348480(90184K) committed = 266338304(260096K) max = 4248829952(4149248K)
2022-03-12 10:11:19 INFO  Inferer: - Resolve type bindings...
2022-03-12 10:11:19 INFO  Inferer: - Dependency analaysing...
2022-03-12 10:11:19 INFO  Inferer: - Heap Information: init = 266338304(260096K) used = 123805760(120904K) committed = 266338304(260096K) max = 4248829952(4149248K)
2022-03-12 10:11:24 INFO  AbstractLangProcessor: - Heap Information: init = 266338304(260096K) used = 23563248(23010K) committed = 94371840(92160K) max = 4248829952(4149248K)
2022-03-12 10:11:24 INFO  AbstractLangProcessor: - Dependencie data generating done successfully...
2022-03-21 12:26:23 INFO  AbstractLangProcessor: - Start parsing files...
2022-03-21 12:26:47 INFO  AbstractLangProcessor: - Resolve types and bindings of variables, methods and expressions.... D:\开源软件供应链相关项目\数据收集\apache-camel\apache-camel-1.6.0-src
2022-03-21 12:26:47 INFO  AbstractLangProcessor: - Heap Information: init = 266338304(260096K) used = 163318656(159490K) committed = 266338304(260096K) max = 4248829952(4149248K)
2022-03-21 12:26:47 INFO  Inferer: - Resolve type bindings...
2022-03-21 12:26:47 INFO  Inferer: - Dependency analaysing...
2022-03-21 12:26:47 INFO  Inferer: - Heap Information: init = 266338304(260096K) used = 125268992(122333K) committed = 266338304(260096K) max = 4248829952(4149248K)
2022-03-21 12:27:09 INFO  AbstractLangProcessor: - Heap Information: init = 266338304(260096K) used = 61403176(59964K) committed = 217055232(211968K) max = 4248829952(4149248K)
2022-03-21 12:27:09 INFO  AbstractLangProcessor: - Dependencie data generating done successfully...
2022-03-21 12:28:07 INFO  AbstractLangProcessor: - Start parsing files...
2022-03-21 12:28:07 INFO  AbstractLangProcessor: - Resolve types and bindings of variables, methods and expressions.... D:\开源软件供应链相关项目\数据收集\apache-camel\apache-camel-2.0.0-src.zip
2022-03-21 12:28:07 INFO  AbstractLangProcessor: - Heap Information: init = 266338304(260096K) used = 30408704(29696K) committed = 266338304(260096K) max = 4248829952(4149248K)
2022-03-21 12:28:07 INFO  Inferer: - Resolve type bindings...
2022-03-21 12:28:07 INFO  Inferer: - Dependency analaysing...
2022-03-21 12:28:07 INFO  Inferer: - Heap Information: init = 266338304(260096K) used = 30408704(29696K) committed = 266338304(260096K) max = 4248829952(4149248K)
2022-03-21 12:28:07 INFO  AbstractLangProcessor: - Heap Information: init = 266338304(260096K) used = 7742440(7560K) committed = 35651584(34816K) max = 4248829952(4149248K)
2022-03-21 12:28:07 INFO  AbstractLangProcessor: - Dependencie data generating done successfully...
2022-03-21 17:01:34 INFO  AbstractLangProcessor: - Start parsing files...
2022-03-21 17:01:34 INFO  AbstractLangProcessor: - Resolve types and bindings of variables, methods and expressions.... D:\开源软件供应链相关项目\数据收集\apache-camel\apache-camel-2.0.0-src.zip
2022-03-21 17:01:35 INFO  AbstractLangProcessor: - Heap Information: init = 266338304(260096K) used = 30408704(29696K) committed = 266338304(260096K) max = 4248829952(4149248K)
2022-03-21 17:01:35 INFO  Inferer: - Resolve type bindings...
2022-03-21 17:01:35 INFO  Inferer: - Dependency analaysing...
2022-03-21 17:01:35 INFO  Inferer: - Heap Information: init = 266338304(260096K) used = 30408704(29696K) committed = 266338304(260096K) max = 4248829952(4149248K)
2022-03-21 17:01:35 INFO  AbstractLangProcessor: - Heap Information: init = 266338304(260096K) used = 7742296(7560K) committed = 38797312(37888K) max = 4248829952(4149248K)
2022-03-21 17:01:35 INFO  AbstractLangProcessor: - Dependencie data generating done successfully...
2022-03-21 17:02:58 INFO  AbstractLangProcessor: - Start parsing files...
2022-03-21 17:03:22 INFO  AbstractLangProcessor: - Resolve types and bindings of variables, methods and expressions.... D:\开源软件供应链相关项目\数据收集\apache-camel\apache-camel-1.6.0
2022-03-21 17:03:22 INFO  AbstractLangProcessor: - Heap Information: init = 266338304(260096K) used = 162512896(158704K) committed = 266338304(260096K) max = 4248829952(4149248K)
2022-03-21 17:03:22 INFO  Inferer: - Resolve type bindings...
2022-03-21 17:03:22 INFO  Inferer: - Dependency analaysing...
2022-03-21 17:03:22 INFO  Inferer: - Heap Information: init = 266338304(260096K) used = 124136448(121227K) committed = 266338304(260096K) max = 4248829952(4149248K)
2022-03-21 17:03:43 INFO  AbstractLangProcessor: - Heap Information: init = 266338304(260096K) used = 61010360(59580K) committed = 213909504(208896K) max = 4248829952(4149248K)
2022-03-21 17:03:44 INFO  AbstractLangProcessor: - Dependencie data generating done successfully...
2022-03-21 19:20:55 INFO  AbstractLangProcessor: - Start parsing files...
2022-03-21 19:20:55 INFO  AbstractLangProcessor: - Resolve types and bindings of variables, methods and expressions.... D:\开源软件供应链相关项目\数据收集pache-camelpache-camel-1.6.0
2022-03-21 19:20:55 INFO  AbstractLangProcessor: - Heap Information: init = 266338304(260096K) used = 29360128(28672K) committed = 266338304(260096K) max = 4248829952(4149248K)
2022-03-21 19:20:55 INFO  Inferer: - Resolve type bindings...
2022-03-21 19:20:55 INFO  Inferer: - Dependency analaysing...
2022-03-21 19:20:55 INFO  Inferer: - Heap Information: init = 266338304(260096K) used = 29360128(28672K) committed = 266338304(260096K) max = 4248829952(4149248K)
2022-03-21 19:20:55 INFO  AbstractLangProcessor: - Heap Information: init = 266338304(260096K) used = 7628056(7449K) committed = 38797312(37888K) max = 4248829952(4149248K)
2022-03-21 19:20:55 INFO  AbstractLangProcessor: - Dependencie data generating done successfully...
2022-03-21 19:21:32 INFO  AbstractLangProcessor: - Start parsing files...
2022-03-21 19:21:32 INFO  AbstractLangProcessor: - Resolve types and bindings of variables, methods and expressions.... D:\开源软件供应链相关项目\数据收集pache-camelpache-camel-2.0.0
2022-03-21 19:21:32 INFO  AbstractLangProcessor: - Heap Information: init = 266338304(260096K) used = 29360128(28672K) committed = 266338304(260096K) max = 4248829952(4149248K)
2022-03-21 19:21:32 INFO  Inferer: - Resolve type bindings...
2022-03-21 19:21:32 INFO  Inferer: - Dependency analaysing...
2022-03-21 19:21:32 INFO  Inferer: - Heap Information: init = 266338304(260096K) used = 29360128(28672K) committed = 266338304(260096K) max = 4248829952(4149248K)
2022-03-21 19:21:32 INFO  AbstractLangProcessor: - Heap Information: init = 266338304(260096K) used = 7628088(7449K) committed = 38797312(37888K) max = 4248829952(4149248K)
2022-03-21 19:21:32 INFO  AbstractLangProcessor: - Dependencie data generating done successfully...
2022-03-21 19:22:04 INFO  AbstractLangProcessor: - Start parsing files...
2022-03-21 19:22:40 INFO  AbstractLangProcessor: - Resolve types and bindings of variables, methods and expressions.... D:\开源软件供应链相关项目\数据收集\apache-camel\apache-camel-2.0.0
2022-03-21 19:22:41 INFO  AbstractLangProcessor: - Heap Information: init = 266338304(260096K) used = 223549296(218309K) committed = 266338304(260096K) max = 4248829952(4149248K)
2022-03-21 19:22:41 INFO  Inferer: - Resolve type bindings...
2022-03-21 19:22:41 INFO  Inferer: - Dependency analaysing...
2022-03-21 19:22:41 INFO  Inferer: - Heap Information: init = 266338304(260096K) used = 139120048(135859K) committed = 266338304(260096K) max = 4248829952(4149248K)
2022-03-21 19:23:15 INFO  AbstractLangProcessor: - Heap Information: init = 266338304(260096K) used = 88595920(86519K) committed = 311427072(304128K) max = 4248829952(4149248K)
2022-03-21 19:23:15 INFO  AbstractLangProcessor: - Dependencie data generating done successfully...
2022-03-21 19:23:54 INFO  AbstractLangProcessor: - Start parsing files...
2022-03-21 19:24:17 INFO  AbstractLangProcessor: - Resolve types and bindings of variables, methods and expressions.... D:\开源软件供应链相关项目\数据收集\apache-camel\apache-camel-1.6.0
2022-03-21 19:24:17 INFO  AbstractLangProcessor: - Heap Information: init = 266338304(260096K) used = 158111136(154405K) committed = 266338304(260096K) max = 4248829952(4149248K)
2022-03-21 19:24:17 INFO  Inferer: - Resolve type bindings...
2022-03-21 19:24:18 INFO  Inferer: - Dependency analaysing...
2022-03-21 19:24:18 INFO  Inferer: - Heap Information: init = 266338304(260096K) used = 141398096(138084K) committed = 266338304(260096K) max = 4248829952(4149248K)
2022-03-21 19:24:39 INFO  AbstractLangProcessor: - Heap Information: init = 266338304(260096K) used = 60896040(59468K) committed = 217055232(211968K) max = 4248829952(4149248K)
2022-03-21 19:24:39 INFO  AbstractLangProcessor: - Dependencie data generating done successfully...
2022-03-21 20:17:49 INFO  AbstractLangProcessor: - Start parsing files...
2022-03-21 20:17:56 INFO  AbstractLangProcessor: - Resolve types and bindings of variables, methods and expressions.... D:\java_project\项目\jdonframework
2022-03-21 20:17:57 INFO  AbstractLangProcessor: - Heap Information: init = 266338304(260096K) used = 93558272(91365K) committed = 266338304(260096K) max = 4248829952(4149248K)
2022-03-21 20:17:57 INFO  Inferer: - Resolve type bindings...
2022-03-21 20:17:57 INFO  Inferer: - Dependency analaysing...
2022-03-21 20:17:57 INFO  Inferer: - Heap Information: init = 266338304(260096K) used = 125015552(122085K) committed = 266338304(260096K) max = 4248829952(4149248K)
2022-03-21 20:18:03 INFO  AbstractLangProcessor: - Heap Information: init = 266338304(260096K) used = 23454816(22905K) committed = 94371840(92160K) max = 4248829952(4149248K)
2022-03-21 20:18:03 INFO  AbstractLangProcessor: - Dependencie data generating done successfully...
2022-03-29 23:01:55 INFO  AbstractLangProcessor: - Start parsing files...
2022-03-29 23:02:27 INFO  AbstractLangProcessor: - Resolve types and bindings of variables, methods and expressions.... D:\ant
2022-03-29 23:02:27 INFO  AbstractLangProcessor: - Heap Information: init = 266338304(260096K) used = 164269568(160419K) committed = 266338304(260096K) max = 4248829952(4149248K)
2022-03-29 23:02:27 INFO  Inferer: - Resolve type bindings...
2022-03-29 23:02:28 INFO  Inferer: - Dependency analaysing...
2022-03-29 23:02:28 INFO  Inferer: - Heap Information: init = 266338304(260096K) used = 194611712(190050K) committed = 266338304(260096K) max = 4248829952(4149248K)
2022-03-29 23:03:01 INFO  AbstractLangProcessor: - Heap Information: init = 266338304(260096K) used = 71896408(70211K) committed = 251658240(245760K) max = 4248829952(4149248K)
2022-03-29 23:03:01 INFO  AbstractLangProcessor: - Dependencie data generating done successfully...
2022-03-29 23:03:04 INFO  AbstractLangProcessor: - Start parsing files...
2022-03-29 23:03:34 INFO  AbstractLangProcessor: - Resolve types and bindings of variables, methods and expressions.... D:\ant
2022-03-29 23:03:34 INFO  AbstractLangProcessor: - Heap Information: init = 266338304(260096K) used = 165845888(161958K) committed = 266338304(260096K) max = 4248829952(4149248K)
2022-03-29 23:03:34 INFO  Inferer: - Resolve type bindings...
2022-03-29 23:03:35 INFO  Inferer: - Dependency analaysing...
2022-03-29 23:03:35 INFO  Inferer: - Heap Information: init = 266338304(260096K) used = 208660480(203770K) committed = 266338304(260096K) max = 4248829952(4149248K)
2022-03-29 23:04:08 INFO  AbstractLangProcessor: - Heap Information: init = 266338304(260096K) used = 71897248(70212K) committed = 251658240(245760K) max = 4248829952(4149248K)
2022-03-29 23:04:08 INFO  AbstractLangProcessor: - Dependencie data generating done successfully...
2022-03-29 23:07:30 INFO  AbstractLangProcessor: - Start parsing files...
2022-03-29 23:08:00 INFO  AbstractLangProcessor: - Resolve types and bindings of variables, methods and expressions.... D:\ant
2022-03-29 23:08:00 INFO  AbstractLangProcessor: - Heap Information: init = 266338304(260096K) used = 164642304(160783K) committed = 266338304(260096K) max = 4248829952(4149248K)
2022-03-29 23:08:00 INFO  Inferer: - Resolve type bindings...
2022-03-29 23:08:01 INFO  Inferer: - Dependency analaysing...
2022-03-29 23:08:01 INFO  Inferer: - Heap Information: init = 266338304(260096K) used = 163229808(159404K) committed = 266338304(260096K) max = 4248829952(4149248K)
2022-03-29 23:08:35 INFO  AbstractLangProcessor: - Heap Information: init = 266338304(260096K) used = 71898664(70213K) committed = 251658240(245760K) max = 4248829952(4149248K)
2022-03-29 23:08:35 INFO  AbstractLangProcessor: - Dependencie data generating done successfully...
2022-04-03 17:17:45 INFO  AbstractLangProcessor: - Start parsing files...
2022-04-03 17:17:45 INFO  AbstractLangProcessor: - Resolve types and bindings of variables, methods and expressions.... D:\JAVA\Arcan\caffe
2022-04-03 17:17:45 INFO  AbstractLangProcessor: - Heap Information: init = 132120576(129024K) used = 29360128(28672K) committed = 132120576(129024K) max = 2101346304(2052096K)
2022-04-03 17:17:45 INFO  Inferer: - Resolve type bindings...
2022-04-03 17:17:45 INFO  Inferer: - Dependency analaysing...
2022-04-03 17:17:45 INFO  Inferer: - Heap Information: init = 132120576(129024K) used = 30408704(29696K) committed = 132120576(129024K) max = 2101346304(2052096K)
2022-04-03 17:17:45 INFO  AbstractLangProcessor: - Heap Information: init = 132120576(129024K) used = 7672672(7492K) committed = 31457280(30720K) max = 2101346304(2052096K)
2022-04-03 17:17:45 INFO  AbstractLangProcessor: - Dependencie data generating done successfully...
2022-04-03 17:23:48 INFO  AbstractLangProcessor: - Start parsing files...
2022-04-03 17:23:52 INFO  AbstractLangProcessor: - Resolve types and bindings of variables, methods and expressions.... D:\JAVA\Arcan\caffe
2022-04-03 17:23:52 INFO  AbstractLangProcessor: - Heap Information: init = 132120576(129024K) used = 32591360(31827K) committed = 159383552(155648K) max = 2101346304(2052096K)
2022-04-03 17:23:52 INFO  Inferer: - Resolve type bindings...
2022-04-03 17:23:59 INFO  Inferer: - Dependency analaysing...
2022-04-03 17:23:59 INFO  Inferer: - Heap Information: init = 132120576(129024K) used = 76019168(74237K) committed = 191889408(187392K) max = 2101346304(2052096K)
2022-04-03 17:24:04 INFO  AbstractLangProcessor: - Heap Information: init = 132120576(129024K) used = 16876304(16480K) committed = 67108864(65536K) max = 2101346304(2052096K)
2022-04-03 17:24:04 INFO  AbstractLangProcessor: - Dependencie data generating done successfully...
2022-04-03 17:25:20 INFO  AbstractLangProcessor: - Start parsing files...
2022-04-03 17:25:24 INFO  AbstractLangProcessor: - Resolve types and bindings of variables, methods and expressions.... D:\JAVA\Arcan\caffe
2022-04-03 17:25:25 INFO  AbstractLangProcessor: - Heap Information: init = 132120576(129024K) used = 34170368(33369K) committed = 159383552(155648K) max = 2101346304(2052096K)
2022-04-03 17:25:25 INFO  Inferer: - Resolve type bindings...
2022-04-03 17:25:33 INFO  Inferer: - Dependency analaysing...
2022-04-03 17:25:33 INFO  Inferer: - Heap Information: init = 132120576(129024K) used = 77619920(75800K) committed = 193986560(189440K) max = 2101346304(2052096K)
2022-04-03 17:25:38 INFO  AbstractLangProcessor: - Heap Information: init = 132120576(129024K) used = 16873496(16478K) committed = 67108864(65536K) max = 2101346304(2052096K)
2022-04-03 17:25:38 INFO  AbstractLangProcessor: - Dependencie data generating done successfully...
2022-04-03 22:39:25 INFO  AbstractLangProcessor: - Start parsing files...
2022-04-03 22:39:33 INFO  AbstractLangProcessor: - Resolve types and bindings of variables, methods and expressions.... D:\JAVA\Arcan\caffe
2022-04-03 22:39:33 INFO  AbstractLangProcessor: - Heap Information: init = 132120576(129024K) used = 34429440(33622K) committed = 132120576(129024K) max = 2101346304(2052096K)
2022-04-03 22:39:33 INFO  Inferer: - Resolve type bindings...
2022-04-03 22:39:33 INFO  Inferer: - Dependency analaysing...
2022-04-03 22:39:33 INFO  Inferer: - Heap Information: init = 132120576(129024K) used = 59595264(58198K) committed = 132120576(129024K) max = 2101346304(2052096K)
2022-04-03 22:39:45 INFO  AbstractLangProcessor: - Heap Information: init = 132120576(129024K) used = 19630504(19170K) committed = 70254592(68608K) max = 2101346304(2052096K)
2022-04-03 22:39:45 INFO  AbstractLangProcessor: - Dependencie data generating done successfully...
2022-04-03 23:04:31 INFO  AbstractLangProcessor: - Start parsing files...
2022-04-03 23:04:35 INFO  AbstractLangProcessor: - Resolve types and bindings of variables, methods and expressions.... D:\JAVA\Arcan\caffe
2022-04-03 23:04:35 INFO  AbstractLangProcessor: - Heap Information: init = 132120576(129024K) used = 35879936(35039K) committed = 159383552(155648K) max = 2101346304(2052096K)
2022-04-03 23:04:35 INFO  Inferer: - Resolve type bindings...
2022-04-03 23:04:42 INFO  Inferer: - Dependency analaysing...
2022-04-03 23:04:42 INFO  Inferer: - Heap Information: init = 132120576(129024K) used = 78591168(76749K) committed = 191889408(187392K) max = 2101346304(2052096K)
2022-04-03 23:04:46 INFO  AbstractLangProcessor: - Heap Information: init = 132120576(129024K) used = 16763808(16370K) committed = 62914560(61440K) max = 2101346304(2052096K)
2022-04-03 23:04:46 INFO  AbstractLangProcessor: - Dependencie data generating done successfully...
2022-04-04 21:54:47 INFO  AbstractLangProcessor: - Start parsing files...
2022-04-04 21:54:50 INFO  AbstractLangProcessor: - Resolve types and bindings of variables, methods and expressions.... D:\JAVA\Arcan\caffe
2022-04-04 21:54:50 INFO  AbstractLangProcessor: - Heap Information: init = 132120576(129024K) used = 107853312(105325K) committed = 159383552(155648K) max = 2101346304(2052096K)
2022-04-04 21:54:50 INFO  Inferer: - Resolve type bindings...
2022-04-04 21:54:56 INFO  Inferer: - Dependency analaysing...
2022-04-04 21:54:56 INFO  Inferer: - Heap Information: init = 132120576(129024K) used = 68361280(66759K) committed = 206569472(201728K) max = 2101346304(2052096K)
2022-04-04 21:55:00 INFO  AbstractLangProcessor: - Heap Information: init = 132120576(129024K) used = 16766264(16373K) committed = 62914560(61440K) max = 2101346304(2052096K)
2022-04-04 21:55:00 INFO  AbstractLangProcessor: - Dependencie data generating done successfully...
2022-04-04 21:56:26 INFO  AbstractLangProcessor: - Start parsing files...
2022-04-04 21:56:29 INFO  AbstractLangProcessor: - Resolve types and bindings of variables, methods and expressions.... D:\JAVA\Arcan\caffe
2022-04-04 21:56:29 INFO  AbstractLangProcessor: - Heap Information: init = 132120576(129024K) used = 30389760(29677K) committed = 159383552(155648K) max = 2101346304(2052096K)
2022-04-04 21:56:29 INFO  Inferer: - Resolve type bindings...
2022-04-04 21:56:35 INFO  Inferer: - Dependency analaysing...
2022-04-04 21:56:35 INFO  Inferer: - Heap Information: init = 132120576(129024K) used = 73359552(71640K) committed = 192937984(188416K) max = 2101346304(2052096K)
2022-04-04 21:56:39 INFO  AbstractLangProcessor: - Heap Information: init = 132120576(129024K) used = 16766272(16373K) committed = 62914560(61440K) max = 2101346304(2052096K)
2022-04-04 21:56:39 INFO  AbstractLangProcessor: - Dependencie data generating done successfully...
