2022-04-04 21:50:39 INFO  AbstractLangProcessor: - Start parsing files...
2022-04-04 21:50:42 INFO  AbstractLangProcessor: - Resolve types and bindings of variables, methods and expressions.... D:\JAVA\Arcan\caffe
2022-04-04 21:50:42 INFO  AbstractLangProcessor: - Heap Information: init = 132120576(129024K) used = 53408768(52157K) committed = 159383552(155648K) max = 2101346304(2052096K)
2022-04-04 21:50:42 INFO  Inferer: - Resolve type bindings...
2022-04-04 21:50:48 INFO  Inferer: - Dependency analaysing...
2022-04-04 21:50:48 INFO  Inferer: - Heap Information: init = 132120576(129024K) used = 99561984(97228K) committed = 159383552(155648K) max = 2101346304(2052096K)
2022-04-04 21:50:53 INFO  AbstractLangProcessor: - Heap Information: init = 132120576(129024K) used = 16762368(16369K) committed = 62914560(61440K) max = 2101346304(2052096K)
2022-04-04 21:50:53 INFO  AbstractLangProcessor: - Dependencie data generating done successfully...
2022-04-04 21:52:19 INFO  AbstractLangProcessor: - Start parsing files...
2022-04-04 21:52:22 INFO  AbstractLangProcessor: - Resolve types and bindings of variables, methods and expressions.... D:\JAVA\Arcan\caffe
2022-04-04 21:52:22 INFO  AbstractLangProcessor: - Heap Information: init = 132120576(129024K) used = 30642176(29924K) committed = 159383552(155648K) max = 2101346304(2052096K)
2022-04-04 21:52:22 INFO  Inferer: - Resolve type bindings...
2022-04-04 21:52:28 INFO  Inferer: - Dependency analaysing...
2022-04-04 21:52:28 INFO  Inferer: - Heap Information: init = 132120576(129024K) used = 75161856(73400K) committed = 195035136(190464K) max = 2101346304(2052096K)
2022-04-04 21:52:33 INFO  AbstractLangProcessor: - Heap Information: init = 132120576(129024K) used = 16762992(16370K) committed = 59768832(58368K) max = 2101346304(2052096K)
2022-04-04 21:52:33 INFO  AbstractLangProcessor: - Dependencie data generating done successfully...
2022-04-04 21:58:03 INFO  AbstractLangProcessor: - Start parsing files...
2022-04-04 21:58:06 INFO  AbstractLangProcessor: - Resolve types and bindings of variables, methods and expressions.... D:\JAVA\Arcan\caffe
2022-04-04 21:58:06 INFO  AbstractLangProcessor: - Heap Information: init = 132120576(129024K) used = 30657536(29939K) committed = 159383552(155648K) max = 2101346304(2052096K)
2022-04-04 21:58:06 INFO  Inferer: - Resolve type bindings...
2022-04-04 21:58:12 INFO  Inferer: - Dependency analaysing...
2022-04-04 21:58:12 INFO  Inferer: - Heap Information: init = 132120576(129024K) used = 75418064(73650K) committed = 191889408(187392K) max = 2101346304(2052096K)
2022-04-04 21:58:16 INFO  AbstractLangProcessor: - Heap Information: init = 132120576(129024K) used = 16763656(16370K) committed = 62914560(61440K) max = 2101346304(2052096K)
2022-04-04 21:58:16 INFO  AbstractLangProcessor: - Dependencie data generating done successfully...
2022-04-04 22:00:55 INFO  AbstractLangProcessor: - Start parsing files...
2022-04-04 22:00:58 INFO  AbstractLangProcessor: - Resolve types and bindings of variables, methods and expressions.... D:\JAVA\Arcan\caffe
2022-04-04 22:00:58 INFO  AbstractLangProcessor: - Heap Information: init = 132120576(129024K) used = 31652352(30910K) committed = 159383552(155648K) max = 2101346304(2052096K)
2022-04-04 22:00:58 INFO  Inferer: - Resolve type bindings...
2022-04-04 22:01:03 INFO  Inferer: - Dependency analaysing...
2022-04-04 22:01:03 INFO  Inferer: - Heap Information: init = 132120576(129024K) used = 75663808(73890K) committed = 191889408(187392K) max = 2101346304(2052096K)
2022-04-04 22:01:08 INFO  AbstractLangProcessor: - Heap Information: init = 132120576(129024K) used = 16765624(16372K) committed = 59768832(58368K) max = 2101346304(2052096K)
2022-04-04 22:01:08 INFO  AbstractLangProcessor: - Dependencie data generating done successfully...
2022-04-04 22:02:20 INFO  AbstractLangProcessor: - Start parsing files...
2022-04-04 22:02:24 INFO  AbstractLangProcessor: - Resolve types and bindings of variables, methods and expressions.... D:\JAVA\Arcan\caffe
2022-04-04 22:02:24 INFO  AbstractLangProcessor: - Heap Information: init = 132120576(129024K) used = 39631360(38702K) committed = 159383552(155648K) max = 2101346304(2052096K)
2022-04-04 22:02:24 INFO  Inferer: - Resolve type bindings...
2022-04-04 22:02:30 INFO  Inferer: - Dependency analaysing...
2022-04-04 22:02:30 INFO  Inferer: - Heap Information: init = 132120576(129024K) used = 87503248(85452K) committed = 159383552(155648K) max = 2101346304(2052096K)
2022-04-04 22:02:34 INFO  AbstractLangProcessor: - Heap Information: init = 132120576(129024K) used = 16768704(16375K) committed = 59768832(58368K) max = 2101346304(2052096K)
2022-04-04 22:02:34 INFO  AbstractLangProcessor: - Dependencie data generating done successfully...
2022-04-04 22:06:23 INFO  AbstractLangProcessor: - Start parsing files...
2022-04-04 22:06:26 INFO  AbstractLangProcessor: - Resolve types and bindings of variables, methods and expressions.... D:\JAVA\Arcan\caffe
2022-04-04 22:06:26 INFO  AbstractLangProcessor: - Heap Information: init = 132120576(129024K) used = 31133696(30404K) committed = 159383552(155648K) max = 2101346304(2052096K)
2022-04-04 22:06:26 INFO  Inferer: - Resolve type bindings...
2022-04-04 22:06:32 INFO  Inferer: - Dependency analaysing...
2022-04-04 22:06:32 INFO  Inferer: - Heap Information: init = 132120576(129024K) used = 76470112(74677K) committed = 201326592(196608K) max = 2101346304(2052096K)
2022-04-04 22:06:36 INFO  AbstractLangProcessor: - Heap Information: init = 132120576(129024K) used = 16763272(16370K) committed = 59768832(58368K) max = 2101346304(2052096K)
2022-04-04 22:06:36 INFO  AbstractLangProcessor: - Dependencie data generating done successfully...
2022-04-04 22:29:00 INFO  AbstractLangProcessor: - Start parsing files...
2022-04-04 22:29:03 INFO  AbstractLangProcessor: - Resolve types and bindings of variables, methods and expressions.... D:\JAVA\Arcan\caffe
2022-04-04 22:29:03 INFO  AbstractLangProcessor: - Heap Information: init = 132120576(129024K) used = 30139904(29433K) committed = 159383552(155648K) max = 2101346304(2052096K)
2022-04-04 22:29:03 INFO  Inferer: - Resolve type bindings...
2022-04-04 22:29:09 INFO  Inferer: - Dependency analaysing...
2022-04-04 22:29:09 INFO  Inferer: - Heap Information: init = 132120576(129024K) used = 73105840(71392K) committed = 191889408(187392K) max = 2101346304(2052096K)
2022-04-04 22:29:13 INFO  AbstractLangProcessor: - Heap Information: init = 132120576(129024K) used = 16765872(16372K) committed = 62914560(61440K) max = 2101346304(2052096K)
2022-04-04 22:29:13 INFO  AbstractLangProcessor: - Dependencie data generating done successfully...
2022-04-04 22:35:22 INFO  AbstractLangProcessor: - Start parsing files...
2022-04-04 22:35:25 INFO  AbstractLangProcessor: - Resolve types and bindings of variables, methods and expressions.... D:\JAVA\Arcan\caffe
2022-04-04 22:35:25 INFO  AbstractLangProcessor: - Heap Information: init = 132120576(129024K) used = 30406144(29693K) committed = 159383552(155648K) max = 2101346304(2052096K)
2022-04-04 22:35:25 INFO  Inferer: - Resolve type bindings...
